2020-09-01 23:21:51,137 WARN  [SoapUI] Missing folder [C:\Users\GitikaGupta\Desktop\Webservices Project\my-app\ext] for external libraries
2020-09-01 23:21:51,355 INFO  [DefaultSoapUICore] initialized soapui-settings from [C:\Users\GitikaGupta\soapui-settings.xml]
2020-09-01 23:21:52,807 INFO  [WsdlProject] Loaded project from [file:/C:/Users/GitikaGupta/Desktop/Webservices%20Project/my-app/PracticeProject-soapui-project.xml]
2020-09-01 23:21:53,317 INFO  [SoapUITestCaseRunner] Running SoapUI tests in project [PracticeProject]
2020-09-01 23:21:53,319 INFO  [SoapUITestCaseRunner] Running Project [PracticeProject], runType = SEQUENTIAL
2020-09-01 23:21:53,361 INFO  [SoapUITestCaseRunner] Running SoapUI testcase [TestCase]
2020-09-01 23:21:53,372 INFO  [SoapUITestCaseRunner] running step [Save]
2020-09-01 23:21:55,258 INFO  [SoapUITestCaseRunner] Assertion [SOAP Response] has status VALID
2020-09-01 23:21:55,259 INFO  [SoapUITestCaseRunner] running step [GetList]
2020-09-01 23:22:33,869 INFO  [SoapUITestCaseRunner] Assertion [SOAP Response] has status VALID
2020-09-01 23:22:33,870 INFO  [SoapUITestCaseRunner] running step [GetById]
2020-09-01 23:22:34,816 INFO  [SoapUITestCaseRunner] Assertion [SOAP Response] has status VALID
2020-09-01 23:22:34,817 INFO  [SoapUITestCaseRunner] running step [GetStatus]
2020-09-01 23:22:35,688 INFO  [SoapUITestCaseRunner] Assertion [SOAP Response] has status VALID
2020-09-01 23:22:35,690 INFO  [SoapUITestCaseRunner] running step [CancelRequest]
2020-09-01 23:22:36,580 INFO  [SoapUITestCaseRunner] Assertion [SOAP Response] has status VALID
2020-09-01 23:22:36,599 INFO  [SoapUITestCaseRunner] Finished running SoapUI testcase [TestCase], time taken: 43181ms, status: FINISHED
2020-09-01 23:22:36,600 INFO  [SoapUITestCaseRunner] Running SoapUI testcase [PropertyTransfer]
2020-09-01 23:22:36,609 INFO  [SoapUITestCaseRunner] running step [Properties]
2020-09-01 23:22:36,618 INFO  [SoapUITestCaseRunner] running step [Property Transfer Save]
2020-09-01 23:22:36,860 INFO  [SoapUITestCaseRunner] running step [Save]
2020-09-01 23:22:37,875 INFO  [SoapUITestCaseRunner] Assertion [SOAP Response] has status VALID
2020-09-01 23:22:37,875 INFO  [SoapUITestCaseRunner] running step [GetList]
2020-09-01 23:23:07,401 INFO  [SoapUITestCaseRunner] Assertion [SOAP Response] has status VALID
2020-09-01 23:23:07,401 INFO  [SoapUITestCaseRunner] running step [PropertyTransferGetById]
2020-09-01 23:23:07,412 INFO  [SoapUITestCaseRunner] running step [getById]
2020-09-01 23:23:08,323 INFO  [SoapUITestCaseRunner] Assertion [SOAP Response] has status VALID
2020-09-01 23:23:08,324 INFO  [SoapUITestCaseRunner] Finished running SoapUI testcase [PropertyTransfer], time taken: 31704ms, status: FINISHED
2020-09-01 23:23:08,337 INFO  [SoapUITestCaseRunner] Running SoapUI testcase [Property Expansion]
2020-09-01 23:23:08,338 INFO  [SoapUITestCaseRunner] running step [Properties]
2020-09-01 23:23:08,342 INFO  [SoapUITestCaseRunner] running step [Save]
2020-09-01 23:23:09,937 INFO  [SoapUITestCaseRunner] Assertion [SOAP Response] has status VALID
2020-09-01 23:23:09,937 INFO  [SoapUITestCaseRunner] running step [GetList]
2020-09-01 23:23:40,843 INFO  [SoapUITestCaseRunner] Assertion [SOAP Response] has status VALID
2020-09-01 23:23:40,843 INFO  [SoapUITestCaseRunner] running step [GetById]
2020-09-01 23:23:42,193 INFO  [SoapUITestCaseRunner] Assertion [SOAP Response] has status VALID
2020-09-01 23:23:42,193 INFO  [SoapUITestCaseRunner] running step [GetStatus]
2020-09-01 23:23:43,306 INFO  [SoapUITestCaseRunner] Assertion [SOAP Response] has status VALID
2020-09-01 23:23:43,307 INFO  [SoapUITestCaseRunner] running step [Cancel]
2020-09-01 23:23:44,536 INFO  [SoapUITestCaseRunner] Assertion [SOAP Response] has status VALID
2020-09-01 23:23:44,542 INFO  [SoapUITestCaseRunner] Finished running SoapUI testcase [Property Expansion], time taken: 36175ms, status: FINISHED
2020-09-01 23:23:44,554 INFO  [SoapUITestCaseRunner] Running SoapUI testcase [Groovy Test Case]
2020-09-01 23:23:44,554 INFO  [SoapUITestCaseRunner] running step [Groovy Script]
2020-09-01 23:23:44,933 INFO  [SoapUITestCaseRunner] Running SoapUI testcase [Property Expansion]
2020-09-01 23:23:44,935 INFO  [SoapUITestCaseRunner] running step [Properties]
2020-09-01 23:23:44,936 INFO  [SoapUITestCaseRunner] running step [Save]
2020-09-01 23:23:46,028 INFO  [SoapUITestCaseRunner] Assertion [SOAP Response] has status VALID
2020-09-01 23:23:46,028 INFO  [SoapUITestCaseRunner] running step [GetList]
2020-09-01 23:24:15,511 INFO  [SoapUITestCaseRunner] Assertion [SOAP Response] has status VALID
2020-09-01 23:24:15,512 INFO  [SoapUITestCaseRunner] running step [GetById]
2020-09-01 23:24:16,705 INFO  [SoapUITestCaseRunner] Assertion [SOAP Response] has status VALID
2020-09-01 23:24:16,705 INFO  [SoapUITestCaseRunner] running step [GetStatus]
2020-09-01 23:24:17,796 INFO  [SoapUITestCaseRunner] Assertion [SOAP Response] has status VALID
2020-09-01 23:24:17,796 INFO  [SoapUITestCaseRunner] running step [Cancel]
2020-09-01 23:24:18,863 INFO  [SoapUITestCaseRunner] Assertion [SOAP Response] has status VALID
2020-09-01 23:24:18,867 INFO  [SoapUITestCaseRunner] Finished running SoapUI testcase [Property Expansion], time taken: 33909ms, status: FINISHED
2020-09-01 23:24:18,876 INFO  [log] Status=FINISHED, time taken to complete is :33909 ms
2020-09-01 23:24:18,902 INFO  [log] number of test steps executed are :6
2020-09-01 23:24:18,903 INFO  [SoapUITestCaseRunner] Finished running SoapUI testcase [Groovy Test Case], time taken: 34346ms, status: FINISHED
2020-09-01 23:24:18,910 INFO  [SoapUITestCaseRunner] Project [PracticeProject] finished with status [FINISHED] in 145583ms
